

Started GET "/" for 127.0.0.1 at 2017-08-23 17:37:46 +0800
Processing by Rails::WelcomeController#index as HTML
  Rendered /home/mike/.rvm/gems/ruby-2.1.10/gems/railties-4.2.4/lib/rails/templates/rails/welcome/index.html.erb (1.6ms)
Completed 200 OK in 60ms (Views: 38.8ms | ActiveRecord: 0.0ms)


Started GET "/" for 127.0.0.1 at 2017-08-23 18:04:13 +0800

Gem::LoadError (Specified 'sqlite3' for database adapter, but the gem is not loaded. Add `gem 'sqlite3'` to your Gemfile (and ensure its version is at the minimum required by ActiveRecord).):
  activerecord (4.2.4) lib/active_record/connection_adapters/connection_specification.rb:177:in `rescue in spec'
  activerecord (4.2.4) lib/active_record/connection_adapters/connection_specification.rb:174:in `spec'
  activerecord (4.2.4) lib/active_record/connection_handling.rb:50:in `establish_connection'
  activerecord (4.2.4) lib/active_record/railtie.rb:120:in `block (2 levels) in <class:Railtie>'
  activesupport (4.2.4) lib/active_support/lazy_load_hooks.rb:38:in `instance_eval'
  activesupport (4.2.4) lib/active_support/lazy_load_hooks.rb:38:in `execute_hook'
  activesupport (4.2.4) lib/active_support/lazy_load_hooks.rb:45:in `block in run_load_hooks'
  activesupport (4.2.4) lib/active_support/lazy_load_hooks.rb:44:in `each'
  activesupport (4.2.4) lib/active_support/lazy_load_hooks.rb:44:in `run_load_hooks'
  activerecord (4.2.4) lib/active_record/base.rb:315:in `<module:ActiveRecord>'
  activerecord (4.2.4) lib/active_record/base.rb:26:in `<top (required)>'
  activerecord (4.2.4) lib/active_record/migration.rb:383:in `connection'
  activerecord (4.2.4) lib/active_record/migration.rb:370:in `call'
  actionpack (4.2.4) lib/action_dispatch/middleware/callbacks.rb:29:in `block in call'
  activesupport (4.2.4) lib/active_support/callbacks.rb:88:in `__run_callbacks__'
  activesupport (4.2.4) lib/active_support/callbacks.rb:778:in `_run_call_callbacks'
  activesupport (4.2.4) lib/active_support/callbacks.rb:81:in `run_callbacks'
  actionpack (4.2.4) lib/action_dispatch/middleware/callbacks.rb:27:in `call'
  actionpack (4.2.4) lib/action_dispatch/middleware/reloader.rb:73:in `call'
  actionpack (4.2.4) lib/action_dispatch/middleware/remote_ip.rb:78:in `call'
  actionpack (4.2.4) lib/action_dispatch/middleware/debug_exceptions.rb:17:in `call'
  web-console (2.3.0) lib/web_console/middleware.rb:28:in `block in call'
  web-console (2.3.0) lib/web_console/middleware.rb:18:in `catch'
  web-console (2.3.0) lib/web_console/middleware.rb:18:in `call'
  actionpack (4.2.4) lib/action_dispatch/middleware/show_exceptions.rb:30:in `call'
  railties (4.2.4) lib/rails/rack/logger.rb:38:in `call_app'
  railties (4.2.4) lib/rails/rack/logger.rb:20:in `block in call'
  activesupport (4.2.4) lib/active_support/tagged_logging.rb:68:in `block in tagged'
  activesupport (4.2.4) lib/active_support/tagged_logging.rb:26:in `tagged'
  activesupport (4.2.4) lib/active_support/tagged_logging.rb:68:in `tagged'
  railties (4.2.4) lib/rails/rack/logger.rb:20:in `call'
  actionpack (4.2.4) lib/action_dispatch/middleware/request_id.rb:21:in `call'
  rack (1.6.8) lib/rack/methodoverride.rb:22:in `call'
  rack (1.6.8) lib/rack/runtime.rb:18:in `call'
  activesupport (4.2.4) lib/active_support/cache/strategy/local_cache_middleware.rb:28:in `call'
  rack (1.6.8) lib/rack/lock.rb:17:in `call'
  actionpack (4.2.4) lib/action_dispatch/middleware/static.rb:116:in `call'
  rack (1.6.8) lib/rack/sendfile.rb:113:in `call'
  railties (4.2.4) lib/rails/engine.rb:518:in `call'
  railties (4.2.4) lib/rails/application.rb:165:in `call'
  rack (1.6.8) lib/rack/content_length.rb:15:in `call'
  thin (1.7.2) lib/thin/connection.rb:86:in `block in pre_process'
  thin (1.7.2) lib/thin/connection.rb:84:in `catch'
  thin (1.7.2) lib/thin/connection.rb:84:in `pre_process'
  thin (1.7.2) lib/thin/connection.rb:53:in `process'
  thin (1.7.2) lib/thin/connection.rb:39:in `receive_data'
  eventmachine (1.2.5) lib/eventmachine.rb:194:in `run_machine'
  eventmachine (1.2.5) lib/eventmachine.rb:194:in `run'
  thin (1.7.2) lib/thin/backends/base.rb:73:in `start'
  thin (1.7.2) lib/thin/server.rb:162:in `start'
  rack (1.6.8) lib/rack/handler/thin.rb:19:in `run'
  rack (1.6.8) lib/rack/server.rb:287:in `start'
  railties (4.2.4) lib/rails/commands/server.rb:80:in `start'
  railties (4.2.4) lib/rails/commands/commands_tasks.rb:80:in `block in server'
  railties (4.2.4) lib/rails/commands/commands_tasks.rb:75:in `tap'
  railties (4.2.4) lib/rails/commands/commands_tasks.rb:75:in `server'
  railties (4.2.4) lib/rails/commands/commands_tasks.rb:39:in `run_command!'
  railties (4.2.4) lib/rails/commands.rb:17:in `<top (required)>'
  bin/rails:9:in `require'
  bin/rails:9:in `<top (required)>'
  spring (2.0.2) lib/spring/client/rails.rb:28:in `load'
  spring (2.0.2) lib/spring/client/rails.rb:28:in `call'
  spring (2.0.2) lib/spring/client/command.rb:7:in `call'
  spring (2.0.2) lib/spring/client.rb:30:in `run'
  spring (2.0.2) bin/spring:49:in `<top (required)>'
  spring (2.0.2) lib/spring/binstub.rb:31:in `load'
  spring (2.0.2) lib/spring/binstub.rb:31:in `<top (required)>'
  bin/spring:15:in `require'
  bin/spring:15:in `<top (required)>'
  bin/rails:3:in `load'
  bin/rails:3:in `<main>'


  Rendered /home/mike/.rvm/gems/ruby-2.1.10/gems/actionpack-4.2.4/lib/action_dispatch/middleware/templates/rescues/_source.erb (4.5ms)
  Rendered /home/mike/.rvm/gems/ruby-2.1.10/gems/actionpack-4.2.4/lib/action_dispatch/middleware/templates/rescues/_trace.html.erb (2.0ms)
  Rendered /home/mike/.rvm/gems/ruby-2.1.10/gems/actionpack-4.2.4/lib/action_dispatch/middleware/templates/rescues/_request_and_response.html.erb (0.7ms)
  Rendered /home/mike/.rvm/gems/ruby-2.1.10/gems/actionpack-4.2.4/lib/action_dispatch/middleware/templates/rescues/diagnostics.html.erb within rescues/layout (25.1ms)
  Rendered /home/mike/.rvm/gems/ruby-2.1.10/gems/web-console-2.3.0/lib/web_console/templates/_markup.html.erb (0.5ms)
  Rendered /home/mike/.rvm/gems/ruby-2.1.10/gems/web-console-2.3.0/lib/web_console/templates/_inner_console_markup.html.erb within layouts/inlined_string (0.4ms)
  Rendered /home/mike/.rvm/gems/ruby-2.1.10/gems/web-console-2.3.0/lib/web_console/templates/_prompt_box_markup.html.erb within layouts/inlined_string (0.3ms)
  Rendered /home/mike/.rvm/gems/ruby-2.1.10/gems/web-console-2.3.0/lib/web_console/templates/style.css.erb within layouts/inlined_string (0.5ms)
  Rendered /home/mike/.rvm/gems/ruby-2.1.10/gems/web-console-2.3.0/lib/web_console/templates/console.js.erb within layouts/javascript (68.6ms)
  Rendered /home/mike/.rvm/gems/ruby-2.1.10/gems/web-console-2.3.0/lib/web_console/templates/main.js.erb within layouts/javascript (0.2ms)
  Rendered /home/mike/.rvm/gems/ruby-2.1.10/gems/web-console-2.3.0/lib/web_console/templates/error_page.js.erb within layouts/javascript (0.3ms)
  Rendered /home/mike/.rvm/gems/ruby-2.1.10/gems/web-console-2.3.0/lib/web_console/templates/index.html.erb (108.8ms)


Started GET "/" for 127.0.0.1 at 2017-08-23 18:04:14 +0800

Gem::LoadError (Specified 'sqlite3' for database adapter, but the gem is not loaded. Add `gem 'sqlite3'` to your Gemfile (and ensure its version is at the minimum required by ActiveRecord).):
  activerecord (4.2.4) lib/active_record/connection_adapters/connection_specification.rb:177:in `rescue in spec'
  activerecord (4.2.4) lib/active_record/connection_adapters/connection_specification.rb:174:in `spec'
  activerecord (4.2.4) lib/active_record/connection_handling.rb:50:in `establish_connection'
  activerecord (4.2.4) lib/active_record/railtie.rb:120:in `block (2 levels) in <class:Railtie>'
  activesupport (4.2.4) lib/active_support/lazy_load_hooks.rb:38:in `instance_eval'
  activesupport (4.2.4) lib/active_support/lazy_load_hooks.rb:38:in `execute_hook'
  activesupport (4.2.4) lib/active_support/lazy_load_hooks.rb:45:in `block in run_load_hooks'
  activesupport (4.2.4) lib/active_support/lazy_load_hooks.rb:44:in `each'
  activesupport (4.2.4) lib/active_support/lazy_load_hooks.rb:44:in `run_load_hooks'
  activerecord (4.2.4) lib/active_record/base.rb:315:in `<module:ActiveRecord>'
  activerecord (4.2.4) lib/active_record/base.rb:26:in `<top (required)>'
  activerecord (4.2.4) lib/active_record/migration.rb:383:in `connection'
  activerecord (4.2.4) lib/active_record/migration.rb:370:in `call'
  actionpack (4.2.4) lib/action_dispatch/middleware/callbacks.rb:29:in `block in call'
  activesupport (4.2.4) lib/active_support/callbacks.rb:88:in `__run_callbacks__'
  activesupport (4.2.4) lib/active_support/callbacks.rb:778:in `_run_call_callbacks'
  activesupport (4.2.4) lib/active_support/callbacks.rb:81:in `run_callbacks'
  actionpack (4.2.4) lib/action_dispatch/middleware/callbacks.rb:27:in `call'
  actionpack (4.2.4) lib/action_dispatch/middleware/reloader.rb:73:in `call'
  actionpack (4.2.4) lib/action_dispatch/middleware/remote_ip.rb:78:in `call'
  actionpack (4.2.4) lib/action_dispatch/middleware/debug_exceptions.rb:17:in `call'
  web-console (2.3.0) lib/web_console/middleware.rb:28:in `block in call'
  web-console (2.3.0) lib/web_console/middleware.rb:18:in `catch'
  web-console (2.3.0) lib/web_console/middleware.rb:18:in `call'
  actionpack (4.2.4) lib/action_dispatch/middleware/show_exceptions.rb:30:in `call'
  railties (4.2.4) lib/rails/rack/logger.rb:38:in `call_app'
  railties (4.2.4) lib/rails/rack/logger.rb:20:in `block in call'
  activesupport (4.2.4) lib/active_support/tagged_logging.rb:68:in `block in tagged'
  activesupport (4.2.4) lib/active_support/tagged_logging.rb:26:in `tagged'
  activesupport (4.2.4) lib/active_support/tagged_logging.rb:68:in `tagged'
  railties (4.2.4) lib/rails/rack/logger.rb:20:in `call'
  actionpack (4.2.4) lib/action_dispatch/middleware/request_id.rb:21:in `call'
  rack (1.6.8) lib/rack/methodoverride.rb:22:in `call'
  rack (1.6.8) lib/rack/runtime.rb:18:in `call'
  activesupport (4.2.4) lib/active_support/cache/strategy/local_cache_middleware.rb:28:in `call'
  rack (1.6.8) lib/rack/lock.rb:17:in `call'
  actionpack (4.2.4) lib/action_dispatch/middleware/static.rb:116:in `call'
  rack (1.6.8) lib/rack/sendfile.rb:113:in `call'
  railties (4.2.4) lib/rails/engine.rb:518:in `call'
  railties (4.2.4) lib/rails/application.rb:165:in `call'
  rack (1.6.8) lib/rack/content_length.rb:15:in `call'
  thin (1.7.2) lib/thin/connection.rb:86:in `block in pre_process'
  thin (1.7.2) lib/thin/connection.rb:84:in `catch'
  thin (1.7.2) lib/thin/connection.rb:84:in `pre_process'
  thin (1.7.2) lib/thin/connection.rb:53:in `process'
  thin (1.7.2) lib/thin/connection.rb:39:in `receive_data'
  eventmachine (1.2.5) lib/eventmachine.rb:194:in `run_machine'
  eventmachine (1.2.5) lib/eventmachine.rb:194:in `run'
  thin (1.7.2) lib/thin/backends/base.rb:73:in `start'
  thin (1.7.2) lib/thin/server.rb:162:in `start'
  rack (1.6.8) lib/rack/handler/thin.rb:19:in `run'
  rack (1.6.8) lib/rack/server.rb:287:in `start'
  railties (4.2.4) lib/rails/commands/server.rb:80:in `start'
  railties (4.2.4) lib/rails/commands/commands_tasks.rb:80:in `block in server'
  railties (4.2.4) lib/rails/commands/commands_tasks.rb:75:in `tap'
  railties (4.2.4) lib/rails/commands/commands_tasks.rb:75:in `server'
  railties (4.2.4) lib/rails/commands/commands_tasks.rb:39:in `run_command!'
  railties (4.2.4) lib/rails/commands.rb:17:in `<top (required)>'
  bin/rails:9:in `require'
  bin/rails:9:in `<top (required)>'
  spring (2.0.2) lib/spring/client/rails.rb:28:in `load'
  spring (2.0.2) lib/spring/client/rails.rb:28:in `call'
  spring (2.0.2) lib/spring/client/command.rb:7:in `call'
  spring (2.0.2) lib/spring/client.rb:30:in `run'
  spring (2.0.2) bin/spring:49:in `<top (required)>'
  spring (2.0.2) lib/spring/binstub.rb:31:in `load'
  spring (2.0.2) lib/spring/binstub.rb:31:in `<top (required)>'
  bin/spring:15:in `require'
  bin/spring:15:in `<top (required)>'
  bin/rails:3:in `load'
  bin/rails:3:in `<main>'


  Rendered /home/mike/.rvm/gems/ruby-2.1.10/gems/actionpack-4.2.4/lib/action_dispatch/middleware/templates/rescues/_source.erb (3.8ms)
  Rendered /home/mike/.rvm/gems/ruby-2.1.10/gems/actionpack-4.2.4/lib/action_dispatch/middleware/templates/rescues/_trace.html.erb (1.7ms)
  Rendered /home/mike/.rvm/gems/ruby-2.1.10/gems/actionpack-4.2.4/lib/action_dispatch/middleware/templates/rescues/_request_and_response.html.erb (0.6ms)
  Rendered /home/mike/.rvm/gems/ruby-2.1.10/gems/actionpack-4.2.4/lib/action_dispatch/middleware/templates/rescues/diagnostics.html.erb within rescues/layout (14.1ms)
  Rendered /home/mike/.rvm/gems/ruby-2.1.10/gems/web-console-2.3.0/lib/web_console/templates/_markup.html.erb (0.3ms)
  Rendered /home/mike/.rvm/gems/ruby-2.1.10/gems/web-console-2.3.0/lib/web_console/templates/_inner_console_markup.html.erb within layouts/inlined_string (0.2ms)
  Rendered /home/mike/.rvm/gems/ruby-2.1.10/gems/web-console-2.3.0/lib/web_console/templates/_prompt_box_markup.html.erb within layouts/inlined_string (0.2ms)
  Rendered /home/mike/.rvm/gems/ruby-2.1.10/gems/web-console-2.3.0/lib/web_console/templates/style.css.erb within layouts/inlined_string (0.2ms)
  Rendered /home/mike/.rvm/gems/ruby-2.1.10/gems/web-console-2.3.0/lib/web_console/templates/console.js.erb within layouts/javascript (10.1ms)
  Rendered /home/mike/.rvm/gems/ruby-2.1.10/gems/web-console-2.3.0/lib/web_console/templates/main.js.erb within layouts/javascript (0.3ms)
  Rendered /home/mike/.rvm/gems/ruby-2.1.10/gems/web-console-2.3.0/lib/web_console/templates/error_page.js.erb within layouts/javascript (0.4ms)
  Rendered /home/mike/.rvm/gems/ruby-2.1.10/gems/web-console-2.3.0/lib/web_console/templates/index.html.erb (21.4ms)
